{"/home/eugene/NodeJS/RentalAPI/index.js": {"path":"/home/eugene/NodeJS/RentalAPI/index.js","statementMap":{"0":{"start":{"line":1,"column":16},"end":{"line":1,"column":34}},"1":{"start":{"line":2,"column":12},"end":{"line":2,"column":21}},"2":{"start":{"line":3,"column":16},"end":{"line":3,"column":34}},"3":{"start":{"line":5,"column":0},"end":{"line":5,"column":31}},"4":{"start":{"line":6,"column":0},"end":{"line":6,"column":33}},"5":{"start":{"line":7,"column":0},"end":{"line":7,"column":26}},"6":{"start":{"line":8,"column":0},"end":{"line":8,"column":30}},"7":{"start":{"line":9,"column":0},"end":{"line":9,"column":34}},"8":{"start":{"line":10,"column":0},"end":{"line":10,"column":33}},"9":{"start":{"line":13,"column":13},"end":{"line":13,"column":37}},"10":{"start":{"line":14,"column":0},"end":{"line":14,"column":31}},"11":{"start":{"line":16,"column":15},"end":{"line":16,"column":84}},"12":{"start":{"line":16,"column":38},"end":{"line":16,"column":83}},"13":{"start":{"line":20,"column":0},"end":{"line":20,"column":24}}},"fnMap":{"0":{"name":"(anonymous_0)","decl":{"start":{"line":16,"column":32},"end":{"line":16,"column":33}},"loc":{"start":{"line":16,"column":38},"end":{"line":16,"column":83}},"line":16}},"branchMap":{"0":{"loc":{"start":{"line":13,"column":13},"end":{"line":13,"column":37}},"type":"binary-expr","locations":[{"start":{"line":13,"column":13},"end":{"line":13,"column":29}},{"start":{"line":13,"column":33},"end":{"line":13,"column":37}}],"line":13}},"s":{"0":2,"1":2,"2":2,"3":2,"4":2,"5":2,"6":2,"7":2,"8":2,"9":2,"10":2,"11":2,"12":2,"13":2},"f":{"0":2},"b":{"0":[2,2]},"_coverageSchema":"332fd63041d2c1bcb487cc26dd0d5f7d97098a6c","hash":"1c0e0f26e64ca83891ff0b87545ccfdeb12d6d6c"}
,"/home/eugene/NodeJS/RentalAPI/middleware/admin.js": {"path":"/home/eugene/NodeJS/RentalAPI/middleware/admin.js","statementMap":{"0":{"start":{"line":1,"column":0},"end":{"line":6,"column":1}},"1":{"start":{"line":2,"column":4},"end":{"line":4,"column":5}},"2":{"start":{"line":3,"column":8},"end":{"line":3,"column":60}},"3":{"start":{"line":5,"column":4},"end":{"line":5,"column":11}}},"fnMap":{"0":{"name":"(anonymous_0)","decl":{"start":{"line":1,"column":17},"end":{"line":1,"column":18}},"loc":{"start":{"line":1,"column":41},"end":{"line":6,"column":1}},"line":1}},"branchMap":{"0":{"loc":{"start":{"line":2,"column":4},"end":{"line":4,"column":5}},"type":"if","locations":[{"start":{"line":2,"column":4},"end":{"line":4,"column":5}},{"start":{"line":2,"column":4},"end":{"line":4,"column":5}}],"line":2}},"s":{"0":2,"1":0,"2":0,"3":0},"f":{"0":0},"b":{"0":[0,0]},"_coverageSchema":"332fd63041d2c1bcb487cc26dd0d5f7d97098a6c","hash":"871efb21f529d1f724535eb01062a4a4c5e91561"}
,"/home/eugene/NodeJS/RentalAPI/middleware/auth.js": {"path":"/home/eugene/NodeJS/RentalAPI/middleware/auth.js","statementMap":{"0":{"start":{"line":1,"column":12},"end":{"line":1,"column":35}},"1":{"start":{"line":2,"column":15},"end":{"line":2,"column":32}},"2":{"start":{"line":5,"column":0},"end":{"line":16,"column":2}},"3":{"start":{"line":6,"column":18},"end":{"line":6,"column":44}},"4":{"start":{"line":7,"column":4},"end":{"line":7,"column":81}},"5":{"start":{"line":7,"column":16},"end":{"line":7,"column":81}},"6":{"start":{"line":9,"column":4},"end":{"line":15,"column":5}},"7":{"start":{"line":10,"column":24},"end":{"line":10,"column":70}},"8":{"start":{"line":11,"column":8},"end":{"line":11,"column":27}},"9":{"start":{"line":12,"column":8},"end":{"line":12,"column":15}},"10":{"start":{"line":14,"column":8},"end":{"line":14,"column":49}}},"fnMap":{"0":{"name":"(anonymous_0)","decl":{"start":{"line":5,"column":17},"end":{"line":5,"column":18}},"loc":{"start":{"line":5,"column":43},"end":{"line":16,"column":1}},"line":5}},"branchMap":{"0":{"loc":{"start":{"line":7,"column":4},"end":{"line":7,"column":81}},"type":"if","locations":[{"start":{"line":7,"column":4},"end":{"line":7,"column":81}},{"start":{"line":7,"column":4},"end":{"line":7,"column":81}}],"line":7}},"s":{"0":3,"1":3,"2":3,"3":9,"4":9,"5":2,"6":7,"7":7,"8":6,"9":6,"10":1},"f":{"0":9},"b":{"0":[2,7]},"_coverageSchema":"332fd63041d2c1bcb487cc26dd0d5f7d97098a6c","hash":"2b8057c29b439784adcf287be61fd985be41f33e"}
,"/home/eugene/NodeJS/RentalAPI/middleware/error.js": {"path":"/home/eugene/NodeJS/RentalAPI/middleware/error.js","statementMap":{"0":{"start":{"line":1,"column":16},"end":{"line":1,"column":34}},"1":{"start":{"line":3,"column":0},"end":{"line":6,"column":2}},"2":{"start":{"line":4,"column":4},"end":{"line":4,"column":35}},"3":{"start":{"line":5,"column":4},"end":{"line":5,"column":52}}},"fnMap":{"0":{"name":"(anonymous_0)","decl":{"start":{"line":3,"column":17},"end":{"line":3,"column":18}},"loc":{"start":{"line":3,"column":46},"end":{"line":6,"column":1}},"line":3}},"branchMap":{},"s":{"0":2,"1":2,"2":1,"3":1},"f":{"0":1},"b":{},"_coverageSchema":"332fd63041d2c1bcb487cc26dd0d5f7d97098a6c","hash":"73aac42cdd6d2453c44ef1cf9465a0008689ffcf"}
,"/home/eugene/NodeJS/RentalAPI/middleware/validateObjectId.js": {"path":"/home/eugene/NodeJS/RentalAPI/middleware/validateObjectId.js","statementMap":{"0":{"start":{"line":1,"column":17},"end":{"line":1,"column":36}},"1":{"start":{"line":3,"column":0},"end":{"line":7,"column":2}},"2":{"start":{"line":4,"column":4},"end":{"line":5,"column":52}},"3":{"start":{"line":5,"column":8},"end":{"line":5,"column":52}},"4":{"start":{"line":6,"column":4},"end":{"line":6,"column":11}}},"fnMap":{"0":{"name":"(anonymous_0)","decl":{"start":{"line":3,"column":17},"end":{"line":3,"column":18}},"loc":{"start":{"line":3,"column":41},"end":{"line":7,"column":1}},"line":3}},"branchMap":{"0":{"loc":{"start":{"line":4,"column":4},"end":{"line":5,"column":52}},"type":"if","locations":[{"start":{"line":4,"column":4},"end":{"line":5,"column":52}},{"start":{"line":4,"column":4},"end":{"line":5,"column":52}}],"line":4}},"s":{"0":2,"1":2,"2":3,"3":1,"4":2},"f":{"0":3},"b":{"0":[1,2]},"_coverageSchema":"332fd63041d2c1bcb487cc26dd0d5f7d97098a6c","hash":"e7c668740905bb02c40744864a1dcde78d52793c"}
,"/home/eugene/NodeJS/RentalAPI/models/customers.js": {"path":"/home/eugene/NodeJS/RentalAPI/models/customers.js","statementMap":{"0":{"start":{"line":1,"column":17},"end":{"line":1,"column":36}},"1":{"start":{"line":2,"column":12},"end":{"line":2,"column":26}},"2":{"start":{"line":5,"column":17},"end":{"line":20,"column":3}},"3":{"start":{"line":24,"column":19},"end":{"line":27,"column":43}},"4":{"start":{"line":28,"column":4},"end":{"line":28,"column":42}},"5":{"start":{"line":32,"column":0},"end":{"line":32,"column":28}},"6":{"start":{"line":33,"column":0},"end":{"line":33,"column":44}}},"fnMap":{"0":{"name":"validateCustomer","decl":{"start":{"line":23,"column":9},"end":{"line":23,"column":25}},"loc":{"start":{"line":23,"column":35},"end":{"line":29,"column":1}},"line":23}},"branchMap":{},"s":{"0":2,"1":2,"2":2,"3":0,"4":0,"5":2,"6":2},"f":{"0":0},"b":{},"_coverageSchema":"332fd63041d2c1bcb487cc26dd0d5f7d97098a6c","hash":"0ba8a7f58b27e290d1674b9da1b7331ad3098072"}
,"/home/eugene/NodeJS/RentalAPI/models/genres.js": {"path":"/home/eugene/NodeJS/RentalAPI/models/genres.js","statementMap":{"0":{"start":{"line":1,"column":17},"end":{"line":1,"column":36}},"1":{"start":{"line":2,"column":12},"end":{"line":2,"column":26}},"2":{"start":{"line":5,"column":20},"end":{"line":12,"column":2}},"3":{"start":{"line":16,"column":19},"end":{"line":17,"column":57}},"4":{"start":{"line":18,"column":4},"end":{"line":18,"column":39}},"5":{"start":{"line":20,"column":14},"end":{"line":20,"column":50}},"6":{"start":{"line":22,"column":0},"end":{"line":22,"column":34}},"7":{"start":{"line":23,"column":0},"end":{"line":23,"column":22}},"8":{"start":{"line":24,"column":0},"end":{"line":24,"column":38}}},"fnMap":{"0":{"name":"validateGenre","decl":{"start":{"line":15,"column":9},"end":{"line":15,"column":22}},"loc":{"start":{"line":15,"column":29},"end":{"line":19,"column":1}},"line":15}},"branchMap":{},"s":{"0":2,"1":2,"2":2,"3":5,"4":5,"5":2,"6":2,"7":2,"8":2},"f":{"0":5},"b":{},"_coverageSchema":"332fd63041d2c1bcb487cc26dd0d5f7d97098a6c","hash":"26550beef623f9758ef27946c70c0935c1d248c4"}
,"/home/eugene/NodeJS/RentalAPI/models/movies.js": {"path":"/home/eugene/NodeJS/RentalAPI/models/movies.js","statementMap":{"0":{"start":{"line":1,"column":17},"end":{"line":1,"column":36}},"1":{"start":{"line":2,"column":12},"end":{"line":2,"column":26}},"2":{"start":{"line":3,"column":22},"end":{"line":3,"column":41}},"3":{"start":{"line":6,"column":14},"end":{"line":31,"column":3}},"4":{"start":{"line":35,"column":19},"end":{"line":40,"column":5}},"5":{"start":{"line":41,"column":4},"end":{"line":41,"column":39}},"6":{"start":{"line":43,"column":0},"end":{"line":43,"column":22}},"7":{"start":{"line":44,"column":0},"end":{"line":44,"column":38}}},"fnMap":{"0":{"name":"validateMovie","decl":{"start":{"line":34,"column":9},"end":{"line":34,"column":22}},"loc":{"start":{"line":34,"column":29},"end":{"line":42,"column":1}},"line":34}},"branchMap":{},"s":{"0":2,"1":2,"2":2,"3":2,"4":0,"5":0,"6":2,"7":2},"f":{"0":0},"b":{},"_coverageSchema":"332fd63041d2c1bcb487cc26dd0d5f7d97098a6c","hash":"d56f33a982a1e48a653a6a4824ccc779423accd8"}
,"/home/eugene/NodeJS/RentalAPI/models/rentals.js": {"path":"/home/eugene/NodeJS/RentalAPI/models/rentals.js","statementMap":{"0":{"start":{"line":1,"column":12},"end":{"line":1,"column":26}},"1":{"start":{"line":2,"column":17},"end":{"line":2,"column":36}},"2":{"start":{"line":4,"column":15},"end":{"line":58,"column":3}},"3":{"start":{"line":61,"column":25},"end":{"line":64,"column":9}},"4":{"start":{"line":65,"column":8},"end":{"line":65,"column":44}},"5":{"start":{"line":67,"column":0},"end":{"line":67,"column":25}},"6":{"start":{"line":68,"column":0},"end":{"line":68,"column":40}}},"fnMap":{"0":{"name":"validateRental","decl":{"start":{"line":60,"column":15},"end":{"line":60,"column":29}},"loc":{"start":{"line":60,"column":38},"end":{"line":66,"column":1}},"line":60}},"branchMap":{},"s":{"0":2,"1":2,"2":2,"3":0,"4":0,"5":2,"6":2},"f":{"0":0},"b":{},"_coverageSchema":"332fd63041d2c1bcb487cc26dd0d5f7d97098a6c","hash":"8021f64b29583e12f7c600a532f96d8e88afc64c"}
,"/home/eugene/NodeJS/RentalAPI/models/users.js": {"path":"/home/eugene/NodeJS/RentalAPI/models/users.js","statementMap":{"0":{"start":{"line":1,"column":17},"end":{"line":1,"column":36}},"1":{"start":{"line":2,"column":12},"end":{"line":2,"column":26}},"2":{"start":{"line":3,"column":12},"end":{"line":3,"column":35}},"3":{"start":{"line":4,"column":15},"end":{"line":4,"column":32}},"4":{"start":{"line":7,"column":19},"end":{"line":32,"column":2}},"5":{"start":{"line":34,"column":0},"end":{"line":37,"column":1}},"6":{"start":{"line":35,"column":18},"end":{"line":35,"column":97}},"7":{"start":{"line":36,"column":4},"end":{"line":36,"column":17}},"8":{"start":{"line":41,"column":19},"end":{"line":45,"column":63}},"9":{"start":{"line":46,"column":4},"end":{"line":46,"column":38}},"10":{"start":{"line":48,"column":13},"end":{"line":48,"column":48}},"11":{"start":{"line":49,"column":0},"end":{"line":49,"column":20}},"12":{"start":{"line":50,"column":0},"end":{"line":50,"column":36}}},"fnMap":{"0":{"name":"(anonymous_0)","decl":{"start":{"line":34,"column":39},"end":{"line":34,"column":40}},"loc":{"start":{"line":34,"column":49},"end":{"line":37,"column":1}},"line":34},"1":{"name":"validateUser","decl":{"start":{"line":40,"column":9},"end":{"line":40,"column":21}},"loc":{"start":{"line":40,"column":27},"end":{"line":47,"column":1}},"line":40}},"branchMap":{},"s":{"0":4,"1":4,"2":4,"3":4,"4":4,"5":4,"6":14,"7":14,"8":0,"9":0,"10":4,"11":4,"12":4},"f":{"0":14,"1":0},"b":{},"_coverageSchema":"332fd63041d2c1bcb487cc26dd0d5f7d97098a6c","hash":"0890f7ee63d2b9938eb6107a600555c6f45d8463"}
,"/home/eugene/NodeJS/RentalAPI/routes/auth.js": {"path":"/home/eugene/NodeJS/RentalAPI/routes/auth.js","statementMap":{"0":{"start":{"line":1,"column":10},"end":{"line":1,"column":27}},"1":{"start":{"line":2,"column":12},"end":{"line":2,"column":26}},"2":{"start":{"line":3,"column":16},"end":{"line":3,"column":33}},"3":{"start":{"line":4,"column":16},"end":{"line":4,"column":34}},"4":{"start":{"line":5,"column":17},"end":{"line":5,"column":36}},"5":{"start":{"line":6,"column":27},"end":{"line":6,"column":53}},"6":{"start":{"line":7,"column":15},"end":{"line":7,"column":31}},"7":{"start":{"line":9,"column":0},"end":{"line":20,"column":3}},"8":{"start":{"line":10,"column":22},"end":{"line":10,"column":40}},"9":{"start":{"line":11,"column":4},"end":{"line":11,"column":57}},"10":{"start":{"line":11,"column":15},"end":{"line":11,"column":57}},"11":{"start":{"line":13,"column":15},"end":{"line":13,"column":58}},"12":{"start":{"line":14,"column":4},"end":{"line":14,"column":71}},"13":{"start":{"line":14,"column":15},"end":{"line":14,"column":71}},"14":{"start":{"line":16,"column":26},"end":{"line":16,"column":80}},"15":{"start":{"line":17,"column":4},"end":{"line":17,"column":81}},"16":{"start":{"line":17,"column":24},"end":{"line":17,"column":81}},"17":{"start":{"line":18,"column":18},"end":{"line":18,"column":42}},"18":{"start":{"line":19,"column":4},"end":{"line":19,"column":20}},"19":{"start":{"line":22,"column":4},"end":{"line":25,"column":5}},"20":{"start":{"line":27,"column":4},"end":{"line":27,"column":37}},"21":{"start":{"line":29,"column":0},"end":{"line":29,"column":24}}},"fnMap":{"0":{"name":"(anonymous_0)","decl":{"start":{"line":9,"column":17},"end":{"line":9,"column":18}},"loc":{"start":{"line":9,"column":37},"end":{"line":20,"column":1}},"line":9},"1":{"name":"validate","decl":{"start":{"line":21,"column":9},"end":{"line":21,"column":17}},"loc":{"start":{"line":21,"column":22},"end":{"line":28,"column":1}},"line":21}},"branchMap":{"0":{"loc":{"start":{"line":11,"column":4},"end":{"line":11,"column":57}},"type":"if","locations":[{"start":{"line":11,"column":4},"end":{"line":11,"column":57}},{"start":{"line":11,"column":4},"end":{"line":11,"column":57}}],"line":11},"1":{"loc":{"start":{"line":14,"column":4},"end":{"line":14,"column":71}},"type":"if","locations":[{"start":{"line":14,"column":4},"end":{"line":14,"column":71}},{"start":{"line":14,"column":4},"end":{"line":14,"column":71}}],"line":14},"2":{"loc":{"start":{"line":17,"column":4},"end":{"line":17,"column":81}},"type":"if","locations":[{"start":{"line":17,"column":4},"end":{"line":17,"column":81}},{"start":{"line":17,"column":4},"end":{"line":17,"column":81}}],"line":17}},"s":{"0":2,"1":2,"2":2,"3":2,"4":2,"5":2,"6":2,"7":2,"8":0,"9":0,"10":0,"11":0,"12":0,"13":0,"14":0,"15":0,"16":0,"17":0,"18":0,"19":0,"20":0,"21":2},"f":{"0":0,"1":0},"b":{"0":[0,0],"1":[0,0],"2":[0,0]},"_coverageSchema":"332fd63041d2c1bcb487cc26dd0d5f7d97098a6c","hash":"15da1acef38a3313ba3662d49f7b6a23d87dcf76"}
,"/home/eugene/NodeJS/RentalAPI/routes/customers.js": {"path":"/home/eugene/NodeJS/RentalAPI/routes/customers.js","statementMap":{"0":{"start":{"line":1,"column":37},"end":{"line":1,"column":67}},"1":{"start":{"line":2,"column":17},"end":{"line":2,"column":36}},"2":{"start":{"line":3,"column":16},"end":{"line":3,"column":34}},"3":{"start":{"line":4,"column":15},"end":{"line":4,"column":31}},"4":{"start":{"line":5,"column":13},"end":{"line":5,"column":42}},"5":{"start":{"line":7,"column":0},"end":{"line":10,"column":3}},"6":{"start":{"line":8,"column":22},"end":{"line":8,"column":56}},"7":{"start":{"line":9,"column":4},"end":{"line":9,"column":24}},"8":{"start":{"line":13,"column":0},"end":{"line":18,"column":3}},"9":{"start":{"line":14,"column":21},"end":{"line":14,"column":59}},"10":{"start":{"line":15,"column":4},"end":{"line":15,"column":73}},"11":{"start":{"line":15,"column":19},"end":{"line":15,"column":73}},"12":{"start":{"line":17,"column":4},"end":{"line":17,"column":23}},"13":{"start":{"line":21,"column":0},"end":{"line":38,"column":3}},"14":{"start":{"line":22,"column":4},"end":{"line":36,"column":5}},"15":{"start":{"line":23,"column":26},"end":{"line":23,"column":52}},"16":{"start":{"line":24,"column":4},"end":{"line":24,"column":69}},"17":{"start":{"line":24,"column":15},"end":{"line":24,"column":69}},"18":{"start":{"line":26,"column":19},"end":{"line":30,"column":7}},"19":{"start":{"line":32,"column":4},"end":{"line":32,"column":37}},"20":{"start":{"line":33,"column":4},"end":{"line":33,"column":23}},"21":{"start":{"line":35,"column":8},"end":{"line":35,"column":25}},"22":{"start":{"line":41,"column":0},"end":{"line":56,"column":3}},"23":{"start":{"line":42,"column":22},"end":{"line":42,"column":48}},"24":{"start":{"line":43,"column":4},"end":{"line":43,"column":69}},"25":{"start":{"line":43,"column":15},"end":{"line":43,"column":69}},"26":{"start":{"line":45,"column":21},"end":{"line":51,"column":6}},"27":{"start":{"line":53,"column":3},"end":{"line":53,"column":75}},"28":{"start":{"line":53,"column":17},"end":{"line":53,"column":75}},"29":{"start":{"line":54,"column":3},"end":{"line":54,"column":22}},"30":{"start":{"line":59,"column":0},"end":{"line":65,"column":5}},"31":{"start":{"line":60,"column":22},"end":{"line":60,"column":69}},"32":{"start":{"line":61,"column":4},"end":{"line":61,"column":96}},"33":{"start":{"line":61,"column":19},"end":{"line":61,"column":96}},"34":{"start":{"line":63,"column":4},"end":{"line":63,"column":23}},"35":{"start":{"line":67,"column":0},"end":{"line":67,"column":24}}},"fnMap":{"0":{"name":"(anonymous_0)","decl":{"start":{"line":7,"column":16},"end":{"line":7,"column":17}},"loc":{"start":{"line":7,"column":34},"end":{"line":10,"column":1}},"line":7},"1":{"name":"(anonymous_1)","decl":{"start":{"line":13,"column":19},"end":{"line":13,"column":20}},"loc":{"start":{"line":13,"column":37},"end":{"line":18,"column":1}},"line":13},"2":{"name":"(anonymous_2)","decl":{"start":{"line":21,"column":23},"end":{"line":21,"column":24}},"loc":{"start":{"line":21,"column":42},"end":{"line":38,"column":1}},"line":21},"3":{"name":"(anonymous_3)","decl":{"start":{"line":41,"column":25},"end":{"line":41,"column":26}},"loc":{"start":{"line":41,"column":45},"end":{"line":56,"column":1}},"line":41},"4":{"name":"(anonymous_4)","decl":{"start":{"line":59,"column":28},"end":{"line":59,"column":29}},"loc":{"start":{"line":59,"column":48},"end":{"line":65,"column":3}},"line":59}},"branchMap":{"0":{"loc":{"start":{"line":15,"column":4},"end":{"line":15,"column":73}},"type":"if","locations":[{"start":{"line":15,"column":4},"end":{"line":15,"column":73}},{"start":{"line":15,"column":4},"end":{"line":15,"column":73}}],"line":15},"1":{"loc":{"start":{"line":24,"column":4},"end":{"line":24,"column":69}},"type":"if","locations":[{"start":{"line":24,"column":4},"end":{"line":24,"column":69}},{"start":{"line":24,"column":4},"end":{"line":24,"column":69}}],"line":24},"2":{"loc":{"start":{"line":43,"column":4},"end":{"line":43,"column":69}},"type":"if","locations":[{"start":{"line":43,"column":4},"end":{"line":43,"column":69}},{"start":{"line":43,"column":4},"end":{"line":43,"column":69}}],"line":43},"3":{"loc":{"start":{"line":53,"column":3},"end":{"line":53,"column":75}},"type":"if","locations":[{"start":{"line":53,"column":3},"end":{"line":53,"column":75}},{"start":{"line":53,"column":3},"end":{"line":53,"column":75}}],"line":53},"4":{"loc":{"start":{"line":61,"column":4},"end":{"line":61,"column":96}},"type":"if","locations":[{"start":{"line":61,"column":4},"end":{"line":61,"column":96}},{"start":{"line":61,"column":4},"end":{"line":61,"column":96}}],"line":61}},"s":{"0":2,"1":2,"2":2,"3":2,"4":2,"5":2,"6":0,"7":0,"8":2,"9":0,"10":0,"11":0,"12":0,"13":2,"14":0,"15":0,"16":0,"17":0,"18":0,"19":0,"20":0,"21":0,"22":2,"23":0,"24":0,"25":0,"26":0,"27":0,"28":0,"29":0,"30":2,"31":0,"32":0,"33":0,"34":0,"35":2},"f":{"0":0,"1":0,"2":0,"3":0,"4":0},"b":{"0":[0,0],"1":[0,0],"2":[0,0],"3":[0,0],"4":[0,0]},"_coverageSchema":"332fd63041d2c1bcb487cc26dd0d5f7d97098a6c","hash":"70debc2f18929434d4ff3cebc660481d5995077b"}
,"/home/eugene/NodeJS/RentalAPI/routes/genres.js": {"path":"/home/eugene/NodeJS/RentalAPI/routes/genres.js","statementMap":{"0":{"start":{"line":1,"column":33},"end":{"line":1,"column":60}},"1":{"start":{"line":2,"column":25},"end":{"line":2,"column":66}},"2":{"start":{"line":3,"column":13},"end":{"line":3,"column":42}},"3":{"start":{"line":4,"column":14},"end":{"line":4,"column":44}},"4":{"start":{"line":5,"column":17},"end":{"line":5,"column":36}},"5":{"start":{"line":6,"column":16},"end":{"line":6,"column":34}},"6":{"start":{"line":7,"column":15},"end":{"line":7,"column":31}},"7":{"start":{"line":10,"column":0},"end":{"line":16,"column":3}},"8":{"start":{"line":12,"column":19},"end":{"line":12,"column":50}},"9":{"start":{"line":13,"column":4},"end":{"line":13,"column":21}},"10":{"start":{"line":19,"column":0},"end":{"line":29,"column":3}},"11":{"start":{"line":20,"column":4},"end":{"line":27,"column":5}},"12":{"start":{"line":21,"column":22},"end":{"line":21,"column":57}},"13":{"start":{"line":22,"column":4},"end":{"line":22,"column":67}},"14":{"start":{"line":22,"column":16},"end":{"line":22,"column":67}},"15":{"start":{"line":24,"column":4},"end":{"line":24,"column":20}},"16":{"start":{"line":26,"column":8},"end":{"line":26,"column":55}},"17":{"start":{"line":32,"column":0},"end":{"line":45,"column":3}},"18":{"start":{"line":33,"column":4},"end":{"line":43,"column":5}},"19":{"start":{"line":34,"column":26},"end":{"line":34,"column":49}},"20":{"start":{"line":35,"column":4},"end":{"line":35,"column":69}},"21":{"start":{"line":35,"column":15},"end":{"line":35,"column":69}},"22":{"start":{"line":37,"column":16},"end":{"line":37,"column":50}},"23":{"start":{"line":39,"column":4},"end":{"line":39,"column":31}},"24":{"start":{"line":40,"column":4},"end":{"line":40,"column":20}},"25":{"start":{"line":42,"column":8},"end":{"line":42,"column":55}},"26":{"start":{"line":48,"column":0},"end":{"line":61,"column":3}},"27":{"start":{"line":49,"column":22},"end":{"line":49,"column":45}},"28":{"start":{"line":50,"column":4},"end":{"line":50,"column":69}},"29":{"start":{"line":50,"column":15},"end":{"line":50,"column":69}},"30":{"start":{"line":52,"column":18},"end":{"line":56,"column":6}},"31":{"start":{"line":58,"column":3},"end":{"line":58,"column":69}},"32":{"start":{"line":58,"column":14},"end":{"line":58,"column":69}},"33":{"start":{"line":59,"column":3},"end":{"line":59,"column":19}},"34":{"start":{"line":64,"column":0},"end":{"line":70,"column":3}},"35":{"start":{"line":65,"column":19},"end":{"line":65,"column":63}},"36":{"start":{"line":66,"column":4},"end":{"line":66,"column":90}},"37":{"start":{"line":66,"column":16},"end":{"line":66,"column":90}},"38":{"start":{"line":68,"column":4},"end":{"line":68,"column":20}},"39":{"start":{"line":71,"column":0},"end":{"line":71,"column":24}}},"fnMap":{"0":{"name":"(anonymous_0)","decl":{"start":{"line":10,"column":16},"end":{"line":10,"column":17}},"loc":{"start":{"line":10,"column":41},"end":{"line":16,"column":1}},"line":10},"1":{"name":"(anonymous_1)","decl":{"start":{"line":19,"column":37},"end":{"line":19,"column":38}},"loc":{"start":{"line":19,"column":55},"end":{"line":29,"column":1}},"line":19},"2":{"name":"(anonymous_2)","decl":{"start":{"line":32,"column":23},"end":{"line":32,"column":24}},"loc":{"start":{"line":32,"column":42},"end":{"line":45,"column":1}},"line":32},"3":{"name":"(anonymous_3)","decl":{"start":{"line":48,"column":25},"end":{"line":48,"column":26}},"loc":{"start":{"line":48,"column":45},"end":{"line":61,"column":1}},"line":48},"4":{"name":"(anonymous_4)","decl":{"start":{"line":64,"column":28},"end":{"line":64,"column":29}},"loc":{"start":{"line":64,"column":48},"end":{"line":70,"column":1}},"line":64}},"branchMap":{"0":{"loc":{"start":{"line":22,"column":4},"end":{"line":22,"column":67}},"type":"if","locations":[{"start":{"line":22,"column":4},"end":{"line":22,"column":67}},{"start":{"line":22,"column":4},"end":{"line":22,"column":67}}],"line":22},"1":{"loc":{"start":{"line":35,"column":4},"end":{"line":35,"column":69}},"type":"if","locations":[{"start":{"line":35,"column":4},"end":{"line":35,"column":69}},{"start":{"line":35,"column":4},"end":{"line":35,"column":69}}],"line":35},"2":{"loc":{"start":{"line":50,"column":4},"end":{"line":50,"column":69}},"type":"if","locations":[{"start":{"line":50,"column":4},"end":{"line":50,"column":69}},{"start":{"line":50,"column":4},"end":{"line":50,"column":69}}],"line":50},"3":{"loc":{"start":{"line":58,"column":3},"end":{"line":58,"column":69}},"type":"if","locations":[{"start":{"line":58,"column":3},"end":{"line":58,"column":69}},{"start":{"line":58,"column":3},"end":{"line":58,"column":69}}],"line":58},"4":{"loc":{"start":{"line":66,"column":4},"end":{"line":66,"column":90}},"type":"if","locations":[{"start":{"line":66,"column":4},"end":{"line":66,"column":90}},{"start":{"line":66,"column":4},"end":{"line":66,"column":90}}],"line":66}},"s":{"0":2,"1":2,"2":2,"3":2,"4":2,"5":2,"6":2,"7":2,"8":1,"9":1,"10":2,"11":2,"12":2,"13":2,"14":1,"15":2,"16":1,"17":2,"18":5,"19":5,"20":5,"21":2,"22":3,"23":3,"24":3,"25":0,"26":2,"27":0,"28":0,"29":0,"30":0,"31":0,"32":0,"33":0,"34":2,"35":0,"36":0,"37":0,"38":0,"39":2},"f":{"0":1,"1":2,"2":5,"3":0,"4":0},"b":{"0":[1,1],"1":[2,3],"2":[0,0],"3":[0,0],"4":[0,0]},"_coverageSchema":"332fd63041d2c1bcb487cc26dd0d5f7d97098a6c","hash":"dc9deb30c6e5729ced95993ac3ae542dbbec285b"}
,"/home/eugene/NodeJS/RentalAPI/routes/home.js": {"path":"/home/eugene/NodeJS/RentalAPI/routes/home.js","statementMap":{"0":{"start":{"line":1,"column":16},"end":{"line":1,"column":34}},"1":{"start":{"line":2,"column":15},"end":{"line":2,"column":31}},"2":{"start":{"line":4,"column":0},"end":{"line":6,"column":3}},"3":{"start":{"line":5,"column":4},"end":{"line":5,"column":70}},"4":{"start":{"line":7,"column":0},"end":{"line":7,"column":24}}},"fnMap":{"0":{"name":"(anonymous_0)","decl":{"start":{"line":4,"column":16},"end":{"line":4,"column":17}},"loc":{"start":{"line":4,"column":28},"end":{"line":6,"column":1}},"line":4}},"branchMap":{},"s":{"0":2,"1":2,"2":2,"3":0,"4":2},"f":{"0":0},"b":{},"_coverageSchema":"332fd63041d2c1bcb487cc26dd0d5f7d97098a6c","hash":"145b975efc6900e6763c3ec0ebcab72fa59e4553"}
,"/home/eugene/NodeJS/RentalAPI/routes/movies.js": {"path":"/home/eugene/NodeJS/RentalAPI/routes/movies.js","statementMap":{"0":{"start":{"line":1,"column":33},"end":{"line":1,"column":60}},"1":{"start":{"line":2,"column":18},"end":{"line":2,"column":45}},"2":{"start":{"line":3,"column":17},"end":{"line":3,"column":36}},"3":{"start":{"line":4,"column":16},"end":{"line":4,"column":34}},"4":{"start":{"line":5,"column":15},"end":{"line":5,"column":31}},"5":{"start":{"line":6,"column":13},"end":{"line":6,"column":42}},"6":{"start":{"line":9,"column":0},"end":{"line":12,"column":3}},"7":{"start":{"line":10,"column":19},"end":{"line":10,"column":50}},"8":{"start":{"line":11,"column":4},"end":{"line":11,"column":21}},"9":{"start":{"line":15,"column":0},"end":{"line":20,"column":3}},"10":{"start":{"line":16,"column":18},"end":{"line":16,"column":53}},"11":{"start":{"line":17,"column":4},"end":{"line":17,"column":67}},"12":{"start":{"line":17,"column":16},"end":{"line":17,"column":67}},"13":{"start":{"line":19,"column":4},"end":{"line":19,"column":20}},"14":{"start":{"line":23,"column":0},"end":{"line":42,"column":5}},"15":{"start":{"line":24,"column":22},"end":{"line":24,"column":45}},"16":{"start":{"line":25,"column":4},"end":{"line":25,"column":69}},"17":{"start":{"line":25,"column":15},"end":{"line":25,"column":69}},"18":{"start":{"line":27,"column":18},"end":{"line":27,"column":56}},"19":{"start":{"line":28,"column":4},"end":{"line":28,"column":62}},"20":{"start":{"line":28,"column":16},"end":{"line":28,"column":62}},"21":{"start":{"line":30,"column":16},"end":{"line":38,"column":6}},"22":{"start":{"line":39,"column":4},"end":{"line":39,"column":31}},"23":{"start":{"line":41,"column":4},"end":{"line":41,"column":20}},"24":{"start":{"line":45,"column":0},"end":{"line":66,"column":5}},"25":{"start":{"line":46,"column":22},"end":{"line":46,"column":45}},"26":{"start":{"line":47,"column":4},"end":{"line":47,"column":69}},"27":{"start":{"line":47,"column":15},"end":{"line":47,"column":69}},"28":{"start":{"line":49,"column":18},"end":{"line":49,"column":56}},"29":{"start":{"line":50,"column":4},"end":{"line":50,"column":62}},"30":{"start":{"line":50,"column":16},"end":{"line":50,"column":62}},"31":{"start":{"line":52,"column":18},"end":{"line":61,"column":23}},"32":{"start":{"line":63,"column":4},"end":{"line":63,"column":90}},"33":{"start":{"line":63,"column":16},"end":{"line":63,"column":90}},"34":{"start":{"line":65,"column":4},"end":{"line":65,"column":20}},"35":{"start":{"line":69,"column":0},"end":{"line":75,"column":3}},"36":{"start":{"line":70,"column":19},"end":{"line":70,"column":63}},"37":{"start":{"line":71,"column":4},"end":{"line":71,"column":90}},"38":{"start":{"line":71,"column":16},"end":{"line":71,"column":90}},"39":{"start":{"line":73,"column":4},"end":{"line":73,"column":20}},"40":{"start":{"line":76,"column":0},"end":{"line":76,"column":24}}},"fnMap":{"0":{"name":"(anonymous_0)","decl":{"start":{"line":9,"column":16},"end":{"line":9,"column":17}},"loc":{"start":{"line":9,"column":34},"end":{"line":12,"column":1}},"line":9},"1":{"name":"(anonymous_1)","decl":{"start":{"line":15,"column":19},"end":{"line":15,"column":20}},"loc":{"start":{"line":15,"column":37},"end":{"line":20,"column":1}},"line":15},"2":{"name":"(anonymous_2)","decl":{"start":{"line":23,"column":23},"end":{"line":23,"column":24}},"loc":{"start":{"line":23,"column":43},"end":{"line":42,"column":3}},"line":23},"3":{"name":"(anonymous_3)","decl":{"start":{"line":45,"column":25},"end":{"line":45,"column":26}},"loc":{"start":{"line":45,"column":45},"end":{"line":66,"column":3}},"line":45},"4":{"name":"(anonymous_4)","decl":{"start":{"line":69,"column":28},"end":{"line":69,"column":29}},"loc":{"start":{"line":69,"column":48},"end":{"line":75,"column":1}},"line":69}},"branchMap":{"0":{"loc":{"start":{"line":17,"column":4},"end":{"line":17,"column":67}},"type":"if","locations":[{"start":{"line":17,"column":4},"end":{"line":17,"column":67}},{"start":{"line":17,"column":4},"end":{"line":17,"column":67}}],"line":17},"1":{"loc":{"start":{"line":25,"column":4},"end":{"line":25,"column":69}},"type":"if","locations":[{"start":{"line":25,"column":4},"end":{"line":25,"column":69}},{"start":{"line":25,"column":4},"end":{"line":25,"column":69}}],"line":25},"2":{"loc":{"start":{"line":28,"column":4},"end":{"line":28,"column":62}},"type":"if","locations":[{"start":{"line":28,"column":4},"end":{"line":28,"column":62}},{"start":{"line":28,"column":4},"end":{"line":28,"column":62}}],"line":28},"3":{"loc":{"start":{"line":47,"column":4},"end":{"line":47,"column":69}},"type":"if","locations":[{"start":{"line":47,"column":4},"end":{"line":47,"column":69}},{"start":{"line":47,"column":4},"end":{"line":47,"column":69}}],"line":47},"4":{"loc":{"start":{"line":50,"column":4},"end":{"line":50,"column":62}},"type":"if","locations":[{"start":{"line":50,"column":4},"end":{"line":50,"column":62}},{"start":{"line":50,"column":4},"end":{"line":50,"column":62}}],"line":50},"5":{"loc":{"start":{"line":63,"column":4},"end":{"line":63,"column":90}},"type":"if","locations":[{"start":{"line":63,"column":4},"end":{"line":63,"column":90}},{"start":{"line":63,"column":4},"end":{"line":63,"column":90}}],"line":63},"6":{"loc":{"start":{"line":71,"column":4},"end":{"line":71,"column":90}},"type":"if","locations":[{"start":{"line":71,"column":4},"end":{"line":71,"column":90}},{"start":{"line":71,"column":4},"end":{"line":71,"column":90}}],"line":71}},"s":{"0":2,"1":2,"2":2,"3":2,"4":2,"5":2,"6":2,"7":0,"8":0,"9":2,"10":0,"11":0,"12":0,"13":0,"14":2,"15":0,"16":0,"17":0,"18":0,"19":0,"20":0,"21":0,"22":0,"23":0,"24":2,"25":0,"26":0,"27":0,"28":0,"29":0,"30":0,"31":0,"32":0,"33":0,"34":0,"35":2,"36":0,"37":0,"38":0,"39":0,"40":2},"f":{"0":0,"1":0,"2":0,"3":0,"4":0},"b":{"0":[0,0],"1":[0,0],"2":[0,0],"3":[0,0],"4":[0,0],"5":[0,0],"6":[0,0]},"_coverageSchema":"332fd63041d2c1bcb487cc26dd0d5f7d97098a6c","hash":"bb5013fe2c9c4ae8ae25685df02b833abb0fc9c2"}
,"/home/eugene/NodeJS/RentalAPI/routes/rentals.js": {"path":"/home/eugene/NodeJS/RentalAPI/routes/rentals.js","statementMap":{"0":{"start":{"line":1,"column":21},"end":{"line":1,"column":51}},"1":{"start":{"line":2,"column":18},"end":{"line":2,"column":45}},"2":{"start":{"line":3,"column":35},"end":{"line":3,"column":63}},"3":{"start":{"line":4,"column":18},"end":{"line":4,"column":45}},"4":{"start":{"line":5,"column":17},"end":{"line":5,"column":36}},"5":{"start":{"line":6,"column":16},"end":{"line":6,"column":34}},"6":{"start":{"line":7,"column":13},"end":{"line":7,"column":42}},"7":{"start":{"line":8,"column":13},"end":{"line":8,"column":28}},"8":{"start":{"line":9,"column":15},"end":{"line":9,"column":31}},"9":{"start":{"line":11,"column":0},"end":{"line":11,"column":20}},"10":{"start":{"line":14,"column":0},"end":{"line":17,"column":3}},"11":{"start":{"line":15,"column":20},"end":{"line":15,"column":56}},"12":{"start":{"line":16,"column":4},"end":{"line":16,"column":22}},"13":{"start":{"line":20,"column":0},"end":{"line":28,"column":3}},"14":{"start":{"line":21,"column":4},"end":{"line":27,"column":5}},"15":{"start":{"line":22,"column":23},"end":{"line":22,"column":59}},"16":{"start":{"line":23,"column":8},"end":{"line":23,"column":80}},"17":{"start":{"line":23,"column":21},"end":{"line":23,"column":80}},"18":{"start":{"line":24,"column":8},"end":{"line":24,"column":25}},"19":{"start":{"line":26,"column":8},"end":{"line":26,"column":24}},"20":{"start":{"line":31,"column":0},"end":{"line":67,"column":5}},"21":{"start":{"line":32,"column":22},"end":{"line":32,"column":46}},"22":{"start":{"line":33,"column":4},"end":{"line":33,"column":69}},"23":{"start":{"line":33,"column":15},"end":{"line":33,"column":69}},"24":{"start":{"line":35,"column":21},"end":{"line":35,"column":65}},"25":{"start":{"line":36,"column":4},"end":{"line":36,"column":68}},"26":{"start":{"line":36,"column":19},"end":{"line":36,"column":68}},"27":{"start":{"line":38,"column":18},"end":{"line":38,"column":56}},"28":{"start":{"line":39,"column":4},"end":{"line":39,"column":61}},"29":{"start":{"line":39,"column":16},"end":{"line":39,"column":61}},"30":{"start":{"line":41,"column":4},"end":{"line":41,"column":88}},"31":{"start":{"line":41,"column":35},"end":{"line":41,"column":88}},"32":{"start":{"line":44,"column":17},"end":{"line":55,"column":6}},"33":{"start":{"line":56,"column":4},"end":{"line":65,"column":9}},"34":{"start":{"line":57,"column":8},"end":{"line":61,"column":19}},"35":{"start":{"line":64,"column":12},"end":{"line":64,"column":61}},"36":{"start":{"line":66,"column":4},"end":{"line":66,"column":21}},"37":{"start":{"line":70,"column":0},"end":{"line":76,"column":3}},"38":{"start":{"line":71,"column":20},"end":{"line":71,"column":65}},"39":{"start":{"line":72,"column":4},"end":{"line":72,"column":92}},"40":{"start":{"line":72,"column":17},"end":{"line":72,"column":92}},"41":{"start":{"line":74,"column":4},"end":{"line":74,"column":21}},"42":{"start":{"line":77,"column":0},"end":{"line":77,"column":24}}},"fnMap":{"0":{"name":"(anonymous_0)","decl":{"start":{"line":14,"column":16},"end":{"line":14,"column":17}},"loc":{"start":{"line":14,"column":34},"end":{"line":17,"column":1}},"line":14},"1":{"name":"(anonymous_1)","decl":{"start":{"line":20,"column":19},"end":{"line":20,"column":20}},"loc":{"start":{"line":20,"column":37},"end":{"line":28,"column":1}},"line":20},"2":{"name":"(anonymous_2)","decl":{"start":{"line":31,"column":23},"end":{"line":31,"column":24}},"loc":{"start":{"line":31,"column":43},"end":{"line":67,"column":3}},"line":31},"3":{"name":"(anonymous_3)","decl":{"start":{"line":70,"column":28},"end":{"line":70,"column":29}},"loc":{"start":{"line":70,"column":48},"end":{"line":76,"column":1}},"line":70}},"branchMap":{"0":{"loc":{"start":{"line":23,"column":8},"end":{"line":23,"column":80}},"type":"if","locations":[{"start":{"line":23,"column":8},"end":{"line":23,"column":80}},{"start":{"line":23,"column":8},"end":{"line":23,"column":80}}],"line":23},"1":{"loc":{"start":{"line":33,"column":4},"end":{"line":33,"column":69}},"type":"if","locations":[{"start":{"line":33,"column":4},"end":{"line":33,"column":69}},{"start":{"line":33,"column":4},"end":{"line":33,"column":69}}],"line":33},"2":{"loc":{"start":{"line":36,"column":4},"end":{"line":36,"column":68}},"type":"if","locations":[{"start":{"line":36,"column":4},"end":{"line":36,"column":68}},{"start":{"line":36,"column":4},"end":{"line":36,"column":68}}],"line":36},"3":{"loc":{"start":{"line":39,"column":4},"end":{"line":39,"column":61}},"type":"if","locations":[{"start":{"line":39,"column":4},"end":{"line":39,"column":61}},{"start":{"line":39,"column":4},"end":{"line":39,"column":61}}],"line":39},"4":{"loc":{"start":{"line":41,"column":4},"end":{"line":41,"column":88}},"type":"if","locations":[{"start":{"line":41,"column":4},"end":{"line":41,"column":88}},{"start":{"line":41,"column":4},"end":{"line":41,"column":88}}],"line":41},"5":{"loc":{"start":{"line":72,"column":4},"end":{"line":72,"column":92}},"type":"if","locations":[{"start":{"line":72,"column":4},"end":{"line":72,"column":92}},{"start":{"line":72,"column":4},"end":{"line":72,"column":92}}],"line":72}},"s":{"0":2,"1":2,"2":2,"3":2,"4":2,"5":2,"6":2,"7":2,"8":2,"9":2,"10":2,"11":0,"12":0,"13":2,"14":0,"15":0,"16":0,"17":0,"18":0,"19":0,"20":2,"21":0,"22":0,"23":0,"24":0,"25":0,"26":0,"27":0,"28":0,"29":0,"30":0,"31":0,"32":0,"33":0,"34":0,"35":0,"36":0,"37":2,"38":0,"39":0,"40":0,"41":0,"42":2},"f":{"0":0,"1":0,"2":0,"3":0},"b":{"0":[0,0],"1":[0,0],"2":[0,0],"3":[0,0],"4":[0,0],"5":[0,0]},"_coverageSchema":"332fd63041d2c1bcb487cc26dd0d5f7d97098a6c","hash":"6dac780e199675e06785d7772d719168f5c3d5d2"}
,"/home/eugene/NodeJS/RentalAPI/routes/users.js": {"path":"/home/eugene/NodeJS/RentalAPI/routes/users.js","statementMap":{"0":{"start":{"line":1,"column":29},"end":{"line":1,"column":55}},"1":{"start":{"line":2,"column":17},"end":{"line":2,"column":36}},"2":{"start":{"line":3,"column":16},"end":{"line":3,"column":34}},"3":{"start":{"line":4,"column":13},"end":{"line":4,"column":42}},"4":{"start":{"line":5,"column":15},"end":{"line":5,"column":32}},"5":{"start":{"line":6,"column":15},"end":{"line":6,"column":32}},"6":{"start":{"line":7,"column":12},"end":{"line":7,"column":35}},"7":{"start":{"line":8,"column":15},"end":{"line":8,"column":31}},"8":{"start":{"line":9,"column":13},"end":{"line":9,"column":28}},"9":{"start":{"line":10,"column":10},"end":{"line":10,"column":27}},"10":{"start":{"line":13,"column":0},"end":{"line":16,"column":3}},"11":{"start":{"line":14,"column":17},"end":{"line":14,"column":70}},"12":{"start":{"line":15,"column":4},"end":{"line":15,"column":19}},"13":{"start":{"line":19,"column":0},"end":{"line":22,"column":3}},"14":{"start":{"line":20,"column":18},"end":{"line":20,"column":35}},"15":{"start":{"line":21,"column":4},"end":{"line":21,"column":20}},"16":{"start":{"line":25,"column":0},"end":{"line":30,"column":3}},"17":{"start":{"line":26,"column":17},"end":{"line":26,"column":51}},"18":{"start":{"line":27,"column":4},"end":{"line":27,"column":65}},"19":{"start":{"line":27,"column":15},"end":{"line":27,"column":65}},"20":{"start":{"line":29,"column":4},"end":{"line":29,"column":19}},"21":{"start":{"line":33,"column":0},"end":{"line":54,"column":3}},"22":{"start":{"line":34,"column":4},"end":{"line":53,"column":5}},"23":{"start":{"line":35,"column":22},"end":{"line":35,"column":44}},"24":{"start":{"line":36,"column":4},"end":{"line":36,"column":69}},"25":{"start":{"line":36,"column":15},"end":{"line":36,"column":69}},"26":{"start":{"line":38,"column":15},"end":{"line":38,"column":58}},"27":{"start":{"line":39,"column":4},"end":{"line":39,"column":68}},"28":{"start":{"line":39,"column":14},"end":{"line":39,"column":68}},"29":{"start":{"line":42,"column":4},"end":{"line":42,"column":81}},"30":{"start":{"line":43,"column":17},"end":{"line":43,"column":41}},"31":{"start":{"line":44,"column":4},"end":{"line":44,"column":59}},"32":{"start":{"line":46,"column":4},"end":{"line":46,"column":22}},"33":{"start":{"line":48,"column":18},"end":{"line":48,"column":42}},"34":{"start":{"line":49,"column":4},"end":{"line":49,"column":104}},"35":{"start":{"line":52,"column":8},"end":{"line":52,"column":57}},"36":{"start":{"line":57,"column":0},"end":{"line":71,"column":3}},"37":{"start":{"line":58,"column":22},"end":{"line":58,"column":44}},"38":{"start":{"line":59,"column":4},"end":{"line":59,"column":69}},"39":{"start":{"line":59,"column":15},"end":{"line":59,"column":69}},"40":{"start":{"line":61,"column":17},"end":{"line":66,"column":19}},"41":{"start":{"line":68,"column":3},"end":{"line":68,"column":67}},"42":{"start":{"line":68,"column":13},"end":{"line":68,"column":67}},"43":{"start":{"line":69,"column":3},"end":{"line":69,"column":18}},"44":{"start":{"line":74,"column":0},"end":{"line":80,"column":5}},"45":{"start":{"line":75,"column":18},"end":{"line":75,"column":61}},"46":{"start":{"line":76,"column":4},"end":{"line":76,"column":88}},"47":{"start":{"line":76,"column":15},"end":{"line":76,"column":88}},"48":{"start":{"line":78,"column":4},"end":{"line":78,"column":19}},"49":{"start":{"line":82,"column":0},"end":{"line":82,"column":24}}},"fnMap":{"0":{"name":"(anonymous_0)","decl":{"start":{"line":13,"column":24},"end":{"line":13,"column":25}},"loc":{"start":{"line":13,"column":44},"end":{"line":16,"column":1}},"line":13},"1":{"name":"(anonymous_1)","decl":{"start":{"line":19,"column":16},"end":{"line":19,"column":17}},"loc":{"start":{"line":19,"column":34},"end":{"line":22,"column":1}},"line":19},"2":{"name":"(anonymous_2)","decl":{"start":{"line":25,"column":19},"end":{"line":25,"column":20}},"loc":{"start":{"line":25,"column":37},"end":{"line":30,"column":1}},"line":25},"3":{"name":"(anonymous_3)","decl":{"start":{"line":33,"column":23},"end":{"line":33,"column":24}},"loc":{"start":{"line":33,"column":42},"end":{"line":54,"column":1}},"line":33},"4":{"name":"(anonymous_4)","decl":{"start":{"line":57,"column":25},"end":{"line":57,"column":26}},"loc":{"start":{"line":57,"column":45},"end":{"line":71,"column":1}},"line":57},"5":{"name":"(anonymous_5)","decl":{"start":{"line":74,"column":28},"end":{"line":74,"column":29}},"loc":{"start":{"line":74,"column":48},"end":{"line":80,"column":3}},"line":74}},"branchMap":{"0":{"loc":{"start":{"line":27,"column":4},"end":{"line":27,"column":65}},"type":"if","locations":[{"start":{"line":27,"column":4},"end":{"line":27,"column":65}},{"start":{"line":27,"column":4},"end":{"line":27,"column":65}}],"line":27},"1":{"loc":{"start":{"line":36,"column":4},"end":{"line":36,"column":69}},"type":"if","locations":[{"start":{"line":36,"column":4},"end":{"line":36,"column":69}},{"start":{"line":36,"column":4},"end":{"line":36,"column":69}}],"line":36},"2":{"loc":{"start":{"line":39,"column":4},"end":{"line":39,"column":68}},"type":"if","locations":[{"start":{"line":39,"column":4},"end":{"line":39,"column":68}},{"start":{"line":39,"column":4},"end":{"line":39,"column":68}}],"line":39},"3":{"loc":{"start":{"line":59,"column":4},"end":{"line":59,"column":69}},"type":"if","locations":[{"start":{"line":59,"column":4},"end":{"line":59,"column":69}},{"start":{"line":59,"column":4},"end":{"line":59,"column":69}}],"line":59},"4":{"loc":{"start":{"line":68,"column":3},"end":{"line":68,"column":67}},"type":"if","locations":[{"start":{"line":68,"column":3},"end":{"line":68,"column":67}},{"start":{"line":68,"column":3},"end":{"line":68,"column":67}}],"line":68},"5":{"loc":{"start":{"line":76,"column":4},"end":{"line":76,"column":88}},"type":"if","locations":[{"start":{"line":76,"column":4},"end":{"line":76,"column":88}},{"start":{"line":76,"column":4},"end":{"line":76,"column":88}}],"line":76}},"s":{"0":2,"1":2,"2":2,"3":2,"4":2,"5":2,"6":2,"7":2,"8":2,"9":2,"10":2,"11":0,"12":0,"13":2,"14":0,"15":0,"16":2,"17":0,"18":0,"19":0,"20":0,"21":2,"22":0,"23":0,"24":0,"25":0,"26":0,"27":0,"28":0,"29":0,"30":0,"31":0,"32":0,"33":0,"34":0,"35":0,"36":2,"37":0,"38":0,"39":0,"40":0,"41":0,"42":0,"43":0,"44":2,"45":0,"46":0,"47":0,"48":0,"49":2},"f":{"0":0,"1":0,"2":0,"3":0,"4":0,"5":0},"b":{"0":[0,0],"1":[0,0],"2":[0,0],"3":[0,0],"4":[0,0],"5":[0,0]},"_coverageSchema":"332fd63041d2c1bcb487cc26dd0d5f7d97098a6c","hash":"adf42c434ddc79c3b65b388144c15173a3734429"}
,"/home/eugene/NodeJS/RentalAPI/startup/config.js": {"path":"/home/eugene/NodeJS/RentalAPI/startup/config.js","statementMap":{"0":{"start":{"line":1,"column":15},"end":{"line":1,"column":32}},"1":{"start":{"line":2,"column":16},"end":{"line":2,"column":34}},"2":{"start":{"line":4,"column":0},"end":{"line":12,"column":2}},"3":{"start":{"line":5,"column":4},"end":{"line":5,"column":60}},"4":{"start":{"line":6,"column":4},"end":{"line":6,"column":60}},"5":{"start":{"line":7,"column":4},"end":{"line":7,"column":66}},"6":{"start":{"line":9,"column":4},"end":{"line":11,"column":5}},"7":{"start":{"line":10,"column":8},"end":{"line":10,"column":67}}},"fnMap":{"0":{"name":"(anonymous_0)","decl":{"start":{"line":4,"column":17},"end":{"line":4,"column":18}},"loc":{"start":{"line":4,"column":27},"end":{"line":12,"column":1}},"line":4}},"branchMap":{"0":{"loc":{"start":{"line":9,"column":4},"end":{"line":11,"column":5}},"type":"if","locations":[{"start":{"line":9,"column":4},"end":{"line":11,"column":5}},{"start":{"line":9,"column":4},"end":{"line":11,"column":5}}],"line":9}},"s":{"0":2,"1":2,"2":2,"3":2,"4":2,"5":2,"6":2,"7":0},"f":{"0":2},"b":{"0":[0,2]},"_coverageSchema":"332fd63041d2c1bcb487cc26dd0d5f7d97098a6c","hash":"eed0d8553cd213aec091437c54b1ced1ded916a8"}
,"/home/eugene/NodeJS/RentalAPI/startup/db.js": {"path":"/home/eugene/NodeJS/RentalAPI/startup/db.js","statementMap":{"0":{"start":{"line":1,"column":16},"end":{"line":1,"column":34}},"1":{"start":{"line":2,"column":17},"end":{"line":2,"column":36}},"2":{"start":{"line":3,"column":15},"end":{"line":3,"column":32}},"3":{"start":{"line":5,"column":0},"end":{"line":12,"column":2}},"4":{"start":{"line":6,"column":15},"end":{"line":6,"column":31}},"5":{"start":{"line":8,"column":8},"end":{"line":11,"column":14}},"6":{"start":{"line":10,"column":16},"end":{"line":10,"column":55}}},"fnMap":{"0":{"name":"(anonymous_0)","decl":{"start":{"line":5,"column":17},"end":{"line":5,"column":18}},"loc":{"start":{"line":5,"column":27},"end":{"line":12,"column":1}},"line":5},"1":{"name":"(anonymous_1)","decl":{"start":{"line":9,"column":14},"end":{"line":9,"column":15}},"loc":{"start":{"line":9,"column":20},"end":{"line":11,"column":13}},"line":9}},"branchMap":{},"s":{"0":2,"1":2,"2":2,"3":2,"4":2,"5":2,"6":2},"f":{"0":2,"1":2},"b":{},"_coverageSchema":"332fd63041d2c1bcb487cc26dd0d5f7d97098a6c","hash":"a76e8c4361e34ebe4ead244cf7cffa324e2b40f8"}
,"/home/eugene/NodeJS/RentalAPI/startup/debugging.js": {"path":"/home/eugene/NodeJS/RentalAPI/startup/debugging.js","statementMap":{"0":{"start":{"line":1,"column":24},"end":{"line":1,"column":55}},"1":{"start":{"line":2,"column":19},"end":{"line":2,"column":45}},"2":{"start":{"line":3,"column":16},"end":{"line":3,"column":34}},"3":{"start":{"line":4,"column":12},"end":{"line":4,"column":21}},"4":{"start":{"line":5,"column":15},"end":{"line":5,"column":32}},"5":{"start":{"line":6,"column":16},"end":{"line":6,"column":34}},"6":{"start":{"line":8,"column":0},"end":{"line":14,"column":1}},"7":{"start":{"line":9,"column":4},"end":{"line":12,"column":5}},"8":{"start":{"line":10,"column":8},"end":{"line":10,"column":32}},"9":{"start":{"line":11,"column":8},"end":{"line":11,"column":46}},"10":{"start":{"line":13,"column":4},"end":{"line":13,"column":47}}},"fnMap":{"0":{"name":"(anonymous_0)","decl":{"start":{"line":8,"column":18},"end":{"line":8,"column":19}},"loc":{"start":{"line":8,"column":28},"end":{"line":14,"column":1}},"line":8}},"branchMap":{"0":{"loc":{"start":{"line":9,"column":4},"end":{"line":12,"column":5}},"type":"if","locations":[{"start":{"line":9,"column":4},"end":{"line":12,"column":5}},{"start":{"line":9,"column":4},"end":{"line":12,"column":5}}],"line":9}},"s":{"0":2,"1":2,"2":2,"3":2,"4":2,"5":2,"6":2,"7":2,"8":0,"9":0,"10":2},"f":{"0":2},"b":{"0":[0,2]},"_coverageSchema":"332fd63041d2c1bcb487cc26dd0d5f7d97098a6c","hash":"8a93c553522b869d3467155c859427a36817c206"}
,"/home/eugene/NodeJS/RentalAPI/startup/logging.js": {"path":"/home/eugene/NodeJS/RentalAPI/startup/logging.js","statementMap":{"0":{"start":{"line":1,"column":16},"end":{"line":1,"column":34}},"1":{"start":{"line":2,"column":0},"end":{"line":2,"column":27}},"2":{"start":{"line":3,"column":0},"end":{"line":3,"column":32}},"3":{"start":{"line":4,"column":0},"end":{"line":32,"column":1}},"4":{"start":{"line":6,"column":4},"end":{"line":14,"column":6}},"5":{"start":{"line":16,"column":4},"end":{"line":19,"column":7}},"6":{"start":{"line":17,"column":8},"end":{"line":17,"column":38}},"7":{"start":{"line":21,"column":4},"end":{"line":24,"column":7}},"8":{"start":{"line":22,"column":16},"end":{"line":22,"column":27}},"9":{"start":{"line":26,"column":4},"end":{"line":26,"column":79}},"10":{"start":{"line":27,"column":4},"end":{"line":31,"column":7}}},"fnMap":{"0":{"name":"(anonymous_0)","decl":{"start":{"line":4,"column":17},"end":{"line":4,"column":18}},"loc":{"start":{"line":4,"column":27},"end":{"line":32,"column":1}},"line":4},"1":{"name":"(anonymous_1)","decl":{"start":{"line":16,"column":36},"end":{"line":16,"column":37}},"loc":{"start":{"line":16,"column":42},"end":{"line":19,"column":5}},"line":16},"2":{"name":"(anonymous_2)","decl":{"start":{"line":21,"column":37},"end":{"line":21,"column":38}},"loc":{"start":{"line":21,"column":43},"end":{"line":24,"column":5}},"line":21}},"branchMap":{},"s":{"0":2,"1":2,"2":2,"3":2,"4":2,"5":2,"6":0,"7":2,"8":0,"9":2,"10":2},"f":{"0":2,"1":0,"2":0},"b":{},"_coverageSchema":"332fd63041d2c1bcb487cc26dd0d5f7d97098a6c","hash":"e6168c7841d681a5fcf936b0f468e97392cc29c4"}
,"/home/eugene/NodeJS/RentalAPI/startup/routes.js": {"path":"/home/eugene/NodeJS/RentalAPI/startup/routes.js","statementMap":{"0":{"start":{"line":1,"column":16},"end":{"line":1,"column":34}},"1":{"start":{"line":2,"column":15},"end":{"line":2,"column":42}},"2":{"start":{"line":3,"column":14},"end":{"line":3,"column":40}},"3":{"start":{"line":4,"column":15},"end":{"line":4,"column":42}},"4":{"start":{"line":5,"column":18},"end":{"line":5,"column":48}},"5":{"start":{"line":6,"column":16},"end":{"line":6,"column":44}},"6":{"start":{"line":7,"column":13},"end":{"line":7,"column":38}},"7":{"start":{"line":8,"column":13},"end":{"line":8,"column":38}},"8":{"start":{"line":9,"column":14},"end":{"line":9,"column":44}},"9":{"start":{"line":10,"column":15},"end":{"line":10,"column":32}},"10":{"start":{"line":12,"column":0},"end":{"line":26,"column":2}},"11":{"start":{"line":14,"column":4},"end":{"line":14,"column":28}},"12":{"start":{"line":15,"column":4},"end":{"line":15,"column":52}},"13":{"start":{"line":16,"column":4},"end":{"line":16,"column":38}},"14":{"start":{"line":17,"column":4},"end":{"line":17,"column":22}},"15":{"start":{"line":18,"column":4},"end":{"line":18,"column":31}},"16":{"start":{"line":19,"column":4},"end":{"line":19,"column":35}},"17":{"start":{"line":20,"column":4},"end":{"line":20,"column":33}},"18":{"start":{"line":21,"column":4},"end":{"line":21,"column":41}},"19":{"start":{"line":22,"column":4},"end":{"line":22,"column":35}},"20":{"start":{"line":23,"column":4},"end":{"line":23,"column":37}},"21":{"start":{"line":24,"column":4},"end":{"line":24,"column":23}},"22":{"start":{"line":25,"column":4},"end":{"line":25,"column":19}}},"fnMap":{"0":{"name":"(anonymous_0)","decl":{"start":{"line":12,"column":17},"end":{"line":12,"column":18}},"loc":{"start":{"line":12,"column":30},"end":{"line":26,"column":1}},"line":12}},"branchMap":{},"s":{"0":2,"1":2,"2":2,"3":2,"4":2,"5":2,"6":2,"7":2,"8":2,"9":2,"10":2,"11":2,"12":2,"13":2,"14":2,"15":2,"16":2,"17":2,"18":2,"19":2,"20":2,"21":2,"22":2},"f":{"0":2},"b":{},"_coverageSchema":"332fd63041d2c1bcb487cc26dd0d5f7d97098a6c","hash":"f3e270c0d7cb417252d86bebaa6a287cc81a453b"}
,"/home/eugene/NodeJS/RentalAPI/startup/validation.js": {"path":"/home/eugene/NodeJS/RentalAPI/startup/validation.js","statementMap":{"0":{"start":{"line":1,"column":12},"end":{"line":1,"column":26}},"1":{"start":{"line":3,"column":0},"end":{"line":5,"column":2}},"2":{"start":{"line":4,"column":4},"end":{"line":4,"column":48}}},"fnMap":{"0":{"name":"(anonymous_0)","decl":{"start":{"line":3,"column":17},"end":{"line":3,"column":18}},"loc":{"start":{"line":3,"column":27},"end":{"line":5,"column":1}},"line":3}},"branchMap":{},"s":{"0":2,"1":2,"2":2},"f":{"0":2},"b":{},"_coverageSchema":"332fd63041d2c1bcb487cc26dd0d5f7d97098a6c","hash":"110c3bb8f976de3739ab6bccfd7ca5c1b5a6394a"}
}
