TN:
SF:/home/eugene/NodeJS/RentalAPI/index.js
FN:16,(anonymous_0)
FNF:1
FNH:1
FNDA:2,(anonymous_0)
DA:1,2
DA:2,2
DA:3,2
DA:5,2
DA:6,2
DA:7,2
DA:8,2
DA:9,2
DA:10,2
DA:13,2
DA:14,2
DA:16,2
DA:20,2
LF:13
LH:13
BRDA:13,0,0,2
BRDA:13,0,1,2
BRF:2
BRH:2
end_of_record
TN:
SF:/home/eugene/NodeJS/RentalAPI/middleware/admin.js
FN:1,(anonymous_0)
FNF:1
FNH:0
FNDA:0,(anonymous_0)
DA:1,2
DA:2,0
DA:3,0
DA:5,0
LF:4
LH:1
BRDA:2,0,0,0
BRDA:2,0,1,0
BRF:2
BRH:0
end_of_record
TN:
SF:/home/eugene/NodeJS/RentalAPI/middleware/auth.js
FN:5,(anonymous_0)
FNF:1
FNH:1
FNDA:9,(anonymous_0)
DA:1,3
DA:2,3
DA:5,3
DA:6,9
DA:7,9
DA:9,7
DA:10,7
DA:11,6
DA:12,6
DA:14,1
LF:10
LH:10
BRDA:7,0,0,2
BRDA:7,0,1,7
BRF:2
BRH:2
end_of_record
TN:
SF:/home/eugene/NodeJS/RentalAPI/middleware/error.js
FN:3,(anonymous_0)
FNF:1
FNH:1
FNDA:1,(anonymous_0)
DA:1,2
DA:3,2
DA:4,1
DA:5,1
LF:4
LH:4
BRF:0
BRH:0
end_of_record
TN:
SF:/home/eugene/NodeJS/RentalAPI/middleware/validateObjectId.js
FN:3,(anonymous_0)
FNF:1
FNH:1
FNDA:3,(anonymous_0)
DA:1,2
DA:3,2
DA:4,3
DA:5,1
DA:6,2
LF:5
LH:5
BRDA:4,0,0,1
BRDA:4,0,1,2
BRF:2
BRH:2
end_of_record
TN:
SF:/home/eugene/NodeJS/RentalAPI/models/customers.js
FN:23,validateCustomer
FNF:1
FNH:0
FNDA:0,validateCustomer
DA:1,2
DA:2,2
DA:5,2
DA:24,0
DA:28,0
DA:32,2
DA:33,2
LF:7
LH:5
BRF:0
BRH:0
end_of_record
TN:
SF:/home/eugene/NodeJS/RentalAPI/models/genres.js
FN:15,validateGenre
FNF:1
FNH:1
FNDA:5,validateGenre
DA:1,2
DA:2,2
DA:5,2
DA:16,5
DA:18,5
DA:20,2
DA:22,2
DA:23,2
DA:24,2
LF:9
LH:9
BRF:0
BRH:0
end_of_record
TN:
SF:/home/eugene/NodeJS/RentalAPI/models/movies.js
FN:34,validateMovie
FNF:1
FNH:0
FNDA:0,validateMovie
DA:1,2
DA:2,2
DA:3,2
DA:6,2
DA:35,0
DA:41,0
DA:43,2
DA:44,2
LF:8
LH:6
BRF:0
BRH:0
end_of_record
TN:
SF:/home/eugene/NodeJS/RentalAPI/models/rentals.js
FN:60,validateRental
FNF:1
FNH:0
FNDA:0,validateRental
DA:1,2
DA:2,2
DA:4,2
DA:61,0
DA:65,0
DA:67,2
DA:68,2
LF:7
LH:5
BRF:0
BRH:0
end_of_record
TN:
SF:/home/eugene/NodeJS/RentalAPI/models/users.js
FN:34,(anonymous_0)
FN:40,validateUser
FNF:2
FNH:1
FNDA:14,(anonymous_0)
FNDA:0,validateUser
DA:1,4
DA:2,4
DA:3,4
DA:4,4
DA:7,4
DA:34,4
DA:35,14
DA:36,14
DA:41,0
DA:46,0
DA:48,4
DA:49,4
DA:50,4
LF:13
LH:11
BRF:0
BRH:0
end_of_record
TN:
SF:/home/eugene/NodeJS/RentalAPI/routes/auth.js
FN:9,(anonymous_0)
FN:21,validate
FNF:2
FNH:0
FNDA:0,(anonymous_0)
FNDA:0,validate
DA:1,2
DA:2,2
DA:3,2
DA:4,2
DA:5,2
DA:6,2
DA:7,2
DA:9,2
DA:10,0
DA:11,0
DA:13,0
DA:14,0
DA:16,0
DA:17,0
DA:18,0
DA:19,0
DA:22,0
DA:27,0
DA:29,2
LF:19
LH:9
BRDA:11,0,0,0
BRDA:11,0,1,0
BRDA:14,1,0,0
BRDA:14,1,1,0
BRDA:17,2,0,0
BRDA:17,2,1,0
BRF:6
BRH:0
end_of_record
TN:
SF:/home/eugene/NodeJS/RentalAPI/routes/customers.js
FN:7,(anonymous_0)
FN:13,(anonymous_1)
FN:21,(anonymous_2)
FN:41,(anonymous_3)
FN:59,(anonymous_4)
FNF:5
FNH:0
FNDA:0,(anonymous_0)
FNDA:0,(anonymous_1)
FNDA:0,(anonymous_2)
FNDA:0,(anonymous_3)
FNDA:0,(anonymous_4)
DA:1,2
DA:2,2
DA:3,2
DA:4,2
DA:5,2
DA:7,2
DA:8,0
DA:9,0
DA:13,2
DA:14,0
DA:15,0
DA:17,0
DA:21,2
DA:22,0
DA:23,0
DA:24,0
DA:26,0
DA:32,0
DA:33,0
DA:35,0
DA:41,2
DA:42,0
DA:43,0
DA:45,0
DA:53,0
DA:54,0
DA:59,2
DA:60,0
DA:61,0
DA:63,0
DA:67,2
LF:31
LH:11
BRDA:15,0,0,0
BRDA:15,0,1,0
BRDA:24,1,0,0
BRDA:24,1,1,0
BRDA:43,2,0,0
BRDA:43,2,1,0
BRDA:53,3,0,0
BRDA:53,3,1,0
BRDA:61,4,0,0
BRDA:61,4,1,0
BRF:10
BRH:0
end_of_record
TN:
SF:/home/eugene/NodeJS/RentalAPI/routes/genres.js
FN:10,(anonymous_0)
FN:19,(anonymous_1)
FN:32,(anonymous_2)
FN:48,(anonymous_3)
FN:64,(anonymous_4)
FNF:5
FNH:3
FNDA:1,(anonymous_0)
FNDA:2,(anonymous_1)
FNDA:5,(anonymous_2)
FNDA:0,(anonymous_3)
FNDA:0,(anonymous_4)
DA:1,2
DA:2,2
DA:3,2
DA:4,2
DA:5,2
DA:6,2
DA:7,2
DA:10,2
DA:12,1
DA:13,1
DA:19,2
DA:20,2
DA:21,2
DA:22,2
DA:24,2
DA:26,1
DA:32,2
DA:33,5
DA:34,5
DA:35,5
DA:37,3
DA:39,3
DA:40,3
DA:42,0
DA:48,2
DA:49,0
DA:50,0
DA:52,0
DA:58,0
DA:59,0
DA:64,2
DA:65,0
DA:66,0
DA:68,0
DA:71,2
LF:35
LH:26
BRDA:22,0,0,1
BRDA:22,0,1,1
BRDA:35,1,0,2
BRDA:35,1,1,3
BRDA:50,2,0,0
BRDA:50,2,1,0
BRDA:58,3,0,0
BRDA:58,3,1,0
BRDA:66,4,0,0
BRDA:66,4,1,0
BRF:10
BRH:4
end_of_record
TN:
SF:/home/eugene/NodeJS/RentalAPI/routes/home.js
FN:4,(anonymous_0)
FNF:1
FNH:0
FNDA:0,(anonymous_0)
DA:1,2
DA:2,2
DA:4,2
DA:5,0
DA:7,2
LF:5
LH:4
BRF:0
BRH:0
end_of_record
TN:
SF:/home/eugene/NodeJS/RentalAPI/routes/movies.js
FN:9,(anonymous_0)
FN:15,(anonymous_1)
FN:23,(anonymous_2)
FN:45,(anonymous_3)
FN:69,(anonymous_4)
FNF:5
FNH:0
FNDA:0,(anonymous_0)
FNDA:0,(anonymous_1)
FNDA:0,(anonymous_2)
FNDA:0,(anonymous_3)
FNDA:0,(anonymous_4)
DA:1,2
DA:2,2
DA:3,2
DA:4,2
DA:5,2
DA:6,2
DA:9,2
DA:10,0
DA:11,0
DA:15,2
DA:16,0
DA:17,0
DA:19,0
DA:23,2
DA:24,0
DA:25,0
DA:27,0
DA:28,0
DA:30,0
DA:39,0
DA:41,0
DA:45,2
DA:46,0
DA:47,0
DA:49,0
DA:50,0
DA:52,0
DA:63,0
DA:65,0
DA:69,2
DA:70,0
DA:71,0
DA:73,0
DA:76,2
LF:34
LH:12
BRDA:17,0,0,0
BRDA:17,0,1,0
BRDA:25,1,0,0
BRDA:25,1,1,0
BRDA:28,2,0,0
BRDA:28,2,1,0
BRDA:47,3,0,0
BRDA:47,3,1,0
BRDA:50,4,0,0
BRDA:50,4,1,0
BRDA:63,5,0,0
BRDA:63,5,1,0
BRDA:71,6,0,0
BRDA:71,6,1,0
BRF:14
BRH:0
end_of_record
TN:
SF:/home/eugene/NodeJS/RentalAPI/routes/rentals.js
FN:14,(anonymous_0)
FN:20,(anonymous_1)
FN:31,(anonymous_2)
FN:70,(anonymous_3)
FNF:4
FNH:0
FNDA:0,(anonymous_0)
FNDA:0,(anonymous_1)
FNDA:0,(anonymous_2)
FNDA:0,(anonymous_3)
DA:1,2
DA:2,2
DA:3,2
DA:4,2
DA:5,2
DA:6,2
DA:7,2
DA:8,2
DA:9,2
DA:11,2
DA:14,2
DA:15,0
DA:16,0
DA:20,2
DA:21,0
DA:22,0
DA:23,0
DA:24,0
DA:26,0
DA:31,2
DA:32,0
DA:33,0
DA:35,0
DA:36,0
DA:38,0
DA:39,0
DA:41,0
DA:44,0
DA:56,0
DA:57,0
DA:64,0
DA:66,0
DA:70,2
DA:71,0
DA:72,0
DA:74,0
DA:77,2
LF:37
LH:15
BRDA:23,0,0,0
BRDA:23,0,1,0
BRDA:33,1,0,0
BRDA:33,1,1,0
BRDA:36,2,0,0
BRDA:36,2,1,0
BRDA:39,3,0,0
BRDA:39,3,1,0
BRDA:41,4,0,0
BRDA:41,4,1,0
BRDA:72,5,0,0
BRDA:72,5,1,0
BRF:12
BRH:0
end_of_record
TN:
SF:/home/eugene/NodeJS/RentalAPI/routes/users.js
FN:13,(anonymous_0)
FN:19,(anonymous_1)
FN:25,(anonymous_2)
FN:33,(anonymous_3)
FN:57,(anonymous_4)
FN:74,(anonymous_5)
FNF:6
FNH:0
FNDA:0,(anonymous_0)
FNDA:0,(anonymous_1)
FNDA:0,(anonymous_2)
FNDA:0,(anonymous_3)
FNDA:0,(anonymous_4)
FNDA:0,(anonymous_5)
DA:1,2
DA:2,2
DA:3,2
DA:4,2
DA:5,2
DA:6,2
DA:7,2
DA:8,2
DA:9,2
DA:10,2
DA:13,2
DA:14,0
DA:15,0
DA:19,2
DA:20,0
DA:21,0
DA:25,2
DA:26,0
DA:27,0
DA:29,0
DA:33,2
DA:34,0
DA:35,0
DA:36,0
DA:38,0
DA:39,0
DA:42,0
DA:43,0
DA:44,0
DA:46,0
DA:48,0
DA:49,0
DA:52,0
DA:57,2
DA:58,0
DA:59,0
DA:61,0
DA:68,0
DA:69,0
DA:74,2
DA:75,0
DA:76,0
DA:78,0
DA:82,2
LF:44
LH:17
BRDA:27,0,0,0
BRDA:27,0,1,0
BRDA:36,1,0,0
BRDA:36,1,1,0
BRDA:39,2,0,0
BRDA:39,2,1,0
BRDA:59,3,0,0
BRDA:59,3,1,0
BRDA:68,4,0,0
BRDA:68,4,1,0
BRDA:76,5,0,0
BRDA:76,5,1,0
BRF:12
BRH:0
end_of_record
TN:
SF:/home/eugene/NodeJS/RentalAPI/startup/config.js
FN:4,(anonymous_0)
FNF:1
FNH:1
FNDA:2,(anonymous_0)
DA:1,2
DA:2,2
DA:4,2
DA:5,2
DA:6,2
DA:7,2
DA:9,2
DA:10,0
LF:8
LH:7
BRDA:9,0,0,0
BRDA:9,0,1,2
BRF:2
BRH:1
end_of_record
TN:
SF:/home/eugene/NodeJS/RentalAPI/startup/db.js
FN:5,(anonymous_0)
FN:9,(anonymous_1)
FNF:2
FNH:2
FNDA:2,(anonymous_0)
FNDA:2,(anonymous_1)
DA:1,2
DA:2,2
DA:3,2
DA:5,2
DA:6,2
DA:8,2
DA:10,2
LF:7
LH:7
BRF:0
BRH:0
end_of_record
TN:
SF:/home/eugene/NodeJS/RentalAPI/startup/debugging.js
FN:8,(anonymous_0)
FNF:1
FNH:1
FNDA:2,(anonymous_0)
DA:1,2
DA:2,2
DA:3,2
DA:4,2
DA:5,2
DA:6,2
DA:8,2
DA:9,2
DA:10,0
DA:11,0
DA:13,2
LF:11
LH:9
BRDA:9,0,0,0
BRDA:9,0,1,2
BRF:2
BRH:1
end_of_record
TN:
SF:/home/eugene/NodeJS/RentalAPI/startup/logging.js
FN:4,(anonymous_0)
FN:16,(anonymous_1)
FN:21,(anonymous_2)
FNF:3
FNH:1
FNDA:2,(anonymous_0)
FNDA:0,(anonymous_1)
FNDA:0,(anonymous_2)
DA:1,2
DA:2,2
DA:3,2
DA:4,2
DA:6,2
DA:16,2
DA:17,0
DA:21,2
DA:22,0
DA:26,2
DA:27,2
LF:11
LH:9
BRF:0
BRH:0
end_of_record
TN:
SF:/home/eugene/NodeJS/RentalAPI/startup/routes.js
FN:12,(anonymous_0)
FNF:1
FNH:1
FNDA:2,(anonymous_0)
DA:1,2
DA:2,2
DA:3,2
DA:4,2
DA:5,2
DA:6,2
DA:7,2
DA:8,2
DA:9,2
DA:10,2
DA:12,2
DA:14,2
DA:15,2
DA:16,2
DA:17,2
DA:18,2
DA:19,2
DA:20,2
DA:21,2
DA:22,2
DA:23,2
DA:24,2
DA:25,2
LF:23
LH:23
BRF:0
BRH:0
end_of_record
TN:
SF:/home/eugene/NodeJS/RentalAPI/startup/validation.js
FN:3,(anonymous_0)
FNF:1
FNH:1
FNDA:2,(anonymous_0)
DA:1,2
DA:3,2
DA:4,2
LF:3
LH:3
BRF:0
BRH:0
end_of_record
